<?xml version="1.0" encoding="utf-8" standalone="no"?>
<test-results xmlns:xsi="http://www.w3.org/2001/XMLSchema-instance" xsi:noNamespaceSchemaLocation="nunit_schema_2.5.xsd" name="Pester" total="31" errors="0" failures="0" not-run="0" inconclusive="0" ignored="1" skipped="0" invalid="0" date="2022-06-15" time="20:08:42">
  <environment machine-name="AWP-LUCAS" platform="Microsoft Windows 11 Enterprise|C:\WINDOWS|\Device\Harddisk0\Partition3" user="v-diya" os-version="10.0.22000" cwd="C:\Users\v-diya\Repo\azure-powershell\SpingCloud\azure-powershell\src\SpringCloud" nunit-version="2.5.8.0" clr-version="Unknown" user-domain="FAREAST" />
  <culture-info current-culture="en-US" current-uiculture="en-US" />
  <test-suite type="TestFixture" name="Pester" executed="True" result="Ignored" success="True" time="19.3106" asserts="0" description="Pester">
    <results>
      <test-suite type="TestFixture" name="C:\Users\v-diya\Repo\azure-powershell\SpingCloud\azure-powershell\src\SpringCloud\test\Deploy-AzSpringCloudApp.Tests.ps1" executed="True" result="Ignored" success="True" time="0.4546" asserts="0" description="C:\Users\v-diya\Repo\azure-powershell\SpingCloud\azure-powershell\src\SpringCloud\test\Deploy-AzSpringCloudApp.Tests.ps1">
        <results>
          <test-suite type="TestFixture" name="Deploy-AzSpringCloudApp" executed="True" result="Ignored" success="True" time="0.2031" asserts="0" description="Deploy-AzSpringCloudApp">
            <results>
              <test-case description="CreateExpanded" name="Deploy-AzSpringCloudApp.CreateExpanded" time="0" asserts="0" success="True" result="Ignored" executed="False" />
            </results>
          </test-suite>
        </results>
      </test-suite>
      <test-suite type="TestFixture" name="C:\Users\v-diya\Repo\azure-powershell\SpingCloud\azure-powershell\src\SpringCloud\test\Get-AzSpringCloud.Tests.ps1" executed="True" result="Success" success="True" time="2.0281" asserts="0" description="C:\Users\v-diya\Repo\azure-powershell\SpingCloud\azure-powershell\src\SpringCloud\test\Get-AzSpringCloud.Tests.ps1">
        <results>
          <test-suite type="TestFixture" name="Get-AzSpringCloud" executed="True" result="Success" success="True" time="1.8569" asserts="0" description="Get-AzSpringCloud">
            <results>
              <test-case description="List" name="Get-AzSpringCloud.List" time="0.9352" asserts="0" success="True" result="Success" executed="True" />
              <test-case description="List1" name="Get-AzSpringCloud.List1" time="0.181" asserts="0" success="True" result="Success" executed="True" />
              <test-case description="Get" name="Get-AzSpringCloud.Get" time="0.2359" asserts="0" success="True" result="Success" executed="True" />
              <test-case description="GetViaIdentity" name="Get-AzSpringCloud.GetViaIdentity" time="0.4172" asserts="0" success="True" result="Success" executed="True" />
            </results>
          </test-suite>
        </results>
      </test-suite>
      <test-suite type="TestFixture" name="C:\Users\v-diya\Repo\azure-powershell\SpingCloud\azure-powershell\src\SpringCloud\test\Get-AzSpringCloudApp.Tests.ps1" executed="True" result="Success" success="True" time="2.6256" asserts="0" description="C:\Users\v-diya\Repo\azure-powershell\SpingCloud\azure-powershell\src\SpringCloud\test\Get-AzSpringCloudApp.Tests.ps1">
        <results>
          <test-suite type="TestFixture" name="Get-AzSpringCloudApp" executed="True" result="Success" success="True" time="2.4395" asserts="0" description="Get-AzSpringCloudApp">
            <results>
              <test-case description="List" name="Get-AzSpringCloudApp.List" time="0.2195" asserts="0" success="True" result="Success" executed="True" />
              <test-case description="Get" name="Get-AzSpringCloudApp.Get" time="1.2159" asserts="0" success="True" result="Success" executed="True" />
              <test-case description="GetViaIdentity" name="Get-AzSpringCloudApp.GetViaIdentity" time="0.9517" asserts="0" success="True" result="Success" executed="True" />
            </results>
          </test-suite>
        </results>
      </test-suite>
      <test-suite type="TestFixture" name="C:\Users\v-diya\Repo\azure-powershell\SpingCloud\azure-powershell\src\SpringCloud\test\Get-AzSpringCloudAppDeployment.Tests.ps1" executed="True" result="Success" success="True" time="1.2831" asserts="0" description="C:\Users\v-diya\Repo\azure-powershell\SpingCloud\azure-powershell\src\SpringCloud\test\Get-AzSpringCloudAppDeployment.Tests.ps1">
        <results>
          <test-suite type="TestFixture" name="Get-AzSpringCloudAppDeployment" executed="True" result="Success" success="True" time="1.0931" asserts="0" description="Get-AzSpringCloudAppDeployment">
            <results>
              <test-case description="List" name="Get-AzSpringCloudAppDeployment.List" time="0.3817" asserts="0" success="True" result="Success" executed="True" />
              <test-case description="Get" name="Get-AzSpringCloudAppDeployment.Get" time="0.2552" asserts="0" success="True" result="Success" executed="True" />
              <test-case description="GetViaIdentity" name="Get-AzSpringCloudAppDeployment.GetViaIdentity" time="0.3994" asserts="0" success="True" result="Success" executed="True" />
            </results>
          </test-suite>
        </results>
      </test-suite>
      <test-suite type="TestFixture" name="C:\Users\v-diya\Repo\azure-powershell\SpingCloud\azure-powershell\src\SpringCloud\test\New-AzSpringCloud.Tests.ps1" executed="True" result="Success" success="True" time="0.4327" asserts="0" description="C:\Users\v-diya\Repo\azure-powershell\SpingCloud\azure-powershell\src\SpringCloud\test\New-AzSpringCloud.Tests.ps1">
        <results>
          <test-suite type="TestFixture" name="New-AzSpringCloud" executed="True" result="Success" success="True" time="0.2626" asserts="0" description="New-AzSpringCloud">
            <results>
              <test-case description="CreateExpanded" name="New-AzSpringCloud.CreateExpanded" time="0.2206" asserts="0" success="True" result="Success" executed="True" />
            </results>
          </test-suite>
        </results>
      </test-suite>
      <test-suite type="TestFixture" name="C:\Users\v-diya\Repo\azure-powershell\SpingCloud\azure-powershell\src\SpringCloud\test\New-AzSpringCloudApp.Tests.ps1" executed="True" result="Success" success="True" time="0.8011" asserts="0" description="C:\Users\v-diya\Repo\azure-powershell\SpingCloud\azure-powershell\src\SpringCloud\test\New-AzSpringCloudApp.Tests.ps1">
        <results>
          <test-suite type="TestFixture" name="New-AzSpringCloudApp" executed="True" result="Success" success="True" time="0.6382" asserts="0" description="New-AzSpringCloudApp">
            <results>
              <test-case description="CreateExpanded" name="New-AzSpringCloudApp.CreateExpanded" time="0.6001" asserts="0" success="True" result="Success" executed="True" />
            </results>
          </test-suite>
        </results>
      </test-suite>
      <test-suite type="TestFixture" name="C:\Users\v-diya\Repo\azure-powershell\SpingCloud\azure-powershell\src\SpringCloud\test\New-AzSpringCloudAppDeployment.Tests.ps1" executed="True" result="Success" success="True" time="0.6723" asserts="0" description="C:\Users\v-diya\Repo\azure-powershell\SpingCloud\azure-powershell\src\SpringCloud\test\New-AzSpringCloudAppDeployment.Tests.ps1">
        <results>
          <test-suite type="TestFixture" name="New-AzSpringCloudAppDeployment" executed="True" result="Success" success="True" time="0.5061" asserts="0" description="New-AzSpringCloudAppDeployment">
            <results>
              <test-case description="CreateExpanded" name="New-AzSpringCloudAppDeployment.CreateExpanded" time="0.4631" asserts="0" success="True" result="Success" executed="True" />
            </results>
          </test-suite>
        </results>
      </test-suite>
      <test-suite type="TestFixture" name="C:\Users\v-diya\Repo\azure-powershell\SpingCloud\azure-powershell\src\SpringCloud\test\Remove-AzSpringCloud.Tests.ps1" executed="True" result="Success" success="True" time="2.0275" asserts="0" description="C:\Users\v-diya\Repo\azure-powershell\SpingCloud\azure-powershell\src\SpringCloud\test\Remove-AzSpringCloud.Tests.ps1">
        <results>
          <test-suite type="TestFixture" name="Remove-AzSpringCloud" executed="True" result="Success" success="True" time="1.8631" asserts="0" description="Remove-AzSpringCloud">
            <results>
              <test-case description="Delete" name="Remove-AzSpringCloud.Delete" time="0.9348" asserts="0" success="True" result="Success" executed="True" />
              <test-case description="DeleteViaIdentity" name="Remove-AzSpringCloud.DeleteViaIdentity" time="0.8865" asserts="0" success="True" result="Success" executed="True" />
            </results>
          </test-suite>
        </results>
      </test-suite>
      <test-suite type="TestFixture" name="C:\Users\v-diya\Repo\azure-powershell\SpingCloud\azure-powershell\src\SpringCloud\test\Remove-AzSpringCloudApp.Tests.ps1" executed="True" result="Success" success="True" time="1.199" asserts="0" description="C:\Users\v-diya\Repo\azure-powershell\SpingCloud\azure-powershell\src\SpringCloud\test\Remove-AzSpringCloudApp.Tests.ps1">
        <results>
          <test-suite type="TestFixture" name="Remove-AzSpringCloudApp" executed="True" result="Success" success="True" time="1.0327" asserts="0" description="Remove-AzSpringCloudApp">
            <results>
              <test-case description="Delete" name="Remove-AzSpringCloudApp.Delete" time="0.4147" asserts="0" success="True" result="Success" executed="True" />
              <test-case description="DeleteViaIdentity" name="Remove-AzSpringCloudApp.DeleteViaIdentity" time="0.5717" asserts="0" success="True" result="Success" executed="True" />
            </results>
          </test-suite>
        </results>
      </test-suite>
      <test-suite type="TestFixture" name="C:\Users\v-diya\Repo\azure-powershell\SpingCloud\azure-powershell\src\SpringCloud\test\Remove-AzSpringCloudAppDeployment.Tests.ps1" executed="True" result="Success" success="True" time="1.1803" asserts="0" description="C:\Users\v-diya\Repo\azure-powershell\SpingCloud\azure-powershell\src\SpringCloud\test\Remove-AzSpringCloudAppDeployment.Tests.ps1">
        <results>
          <test-suite type="TestFixture" name="Remove-AzSpringCloudAppDeployment" executed="True" result="Success" success="True" time="1.0131" asserts="0" description="Remove-AzSpringCloudAppDeployment">
            <results>
              <test-case description="Delete" name="Remove-AzSpringCloudAppDeployment.Delete" time="0.3957" asserts="0" success="True" result="Success" executed="True" />
              <test-case description="DeleteViaIdentity" name="Remove-AzSpringCloudAppDeployment.DeleteViaIdentity" time="0.5709" asserts="0" success="True" result="Success" executed="True" />
            </results>
          </test-suite>
        </results>
      </test-suite>
      <test-suite type="TestFixture" name="C:\Users\v-diya\Repo\azure-powershell\SpingCloud\azure-powershell\src\SpringCloud\test\Restart-AzSpringCloudAppDeployment.Tests.ps1" executed="True" result="Success" success="True" time="1.2419" asserts="0" description="C:\Users\v-diya\Repo\azure-powershell\SpingCloud\azure-powershell\src\SpringCloud\test\Restart-AzSpringCloudAppDeployment.Tests.ps1">
        <results>
          <test-suite type="TestFixture" name="Restart-AzSpringCloudAppDeployment" executed="True" result="Success" success="True" time="1.0706" asserts="0" description="Restart-AzSpringCloudAppDeployment">
            <results>
              <test-case description="Restart" name="Restart-AzSpringCloudAppDeployment.Restart" time="0.4059" asserts="0" success="True" result="Success" executed="True" />
              <test-case description="RestartViaIdentity" name="Restart-AzSpringCloudAppDeployment.RestartViaIdentity" time="0.6199" asserts="0" success="True" result="Success" executed="True" />
            </results>
          </test-suite>
        </results>
      </test-suite>
      <test-suite type="TestFixture" name="C:\Users\v-diya\Repo\azure-powershell\SpingCloud\azure-powershell\src\SpringCloud\test\Start-AzSpringCloudAppDeployment.Tests.ps1" executed="True" result="Success" success="True" time="1.2638" asserts="0" description="C:\Users\v-diya\Repo\azure-powershell\SpingCloud\azure-powershell\src\SpringCloud\test\Start-AzSpringCloudAppDeployment.Tests.ps1">
        <results>
          <test-suite type="TestFixture" name="Start-AzSpringCloudAppDeployment" executed="True" result="Success" success="True" time="1.0802" asserts="0" description="Start-AzSpringCloudAppDeployment">
            <results>
              <test-case description="Start" name="Start-AzSpringCloudAppDeployment.Start" time="0.4109" asserts="0" success="True" result="Success" executed="True" />
              <test-case description="StartViaIdentity" name="Start-AzSpringCloudAppDeployment.StartViaIdentity" time="0.6208" asserts="0" success="True" result="Success" executed="True" />
            </results>
          </test-suite>
        </results>
      </test-suite>
      <test-suite type="TestFixture" name="C:\Users\v-diya\Repo\azure-powershell\SpingCloud\azure-powershell\src\SpringCloud\test\Stop-AzSpringCloudAppDeployment.Tests.ps1" executed="True" result="Success" success="True" time="1.2463" asserts="0" description="C:\Users\v-diya\Repo\azure-powershell\SpingCloud\azure-powershell\src\SpringCloud\test\Stop-AzSpringCloudAppDeployment.Tests.ps1">
        <results>
          <test-suite type="TestFixture" name="Stop-AzSpringCloudAppDeployment" executed="True" result="Success" success="True" time="1.0835" asserts="0" description="Stop-AzSpringCloudAppDeployment">
            <results>
              <test-case description="Stop" name="Stop-AzSpringCloudAppDeployment.Stop" time="0.4344" asserts="0" success="True" result="Success" executed="True" />
              <test-case description="StopViaIdentity" name="Stop-AzSpringCloudAppDeployment.StopViaIdentity" time="0.6051" asserts="0" success="True" result="Success" executed="True" />
            </results>
          </test-suite>
        </results>
      </test-suite>
      <test-suite type="TestFixture" name="C:\Users\v-diya\Repo\azure-powershell\SpingCloud\azure-powershell\src\SpringCloud\test\Update-AzSpringCloud.Tests.ps1" executed="True" result="Success" success="True" time="0.8505" asserts="0" description="C:\Users\v-diya\Repo\azure-powershell\SpingCloud\azure-powershell\src\SpringCloud\test\Update-AzSpringCloud.Tests.ps1">
        <results>
          <test-suite type="TestFixture" name="Update-AzSpringCloud" executed="True" result="Success" success="True" time="0.6852" asserts="0" description="Update-AzSpringCloud">
            <results>
              <test-case description="UpdateExpanded" name="Update-AzSpringCloud.UpdateExpanded" time="0.2314" asserts="0" success="True" result="Success" executed="True" />
              <test-case description="UpdateViaIdentityExpanded" name="Update-AzSpringCloud.UpdateViaIdentityExpanded" time="0.407" asserts="0" success="True" result="Success" executed="True" />
            </results>
          </test-suite>
        </results>
      </test-suite>
      <test-suite type="TestFixture" name="C:\Users\v-diya\Repo\azure-powershell\SpingCloud\azure-powershell\src\SpringCloud\test\Update-AzSpringCloudApp.Tests.ps1" executed="True" result="Success" success="True" time="1.2152" asserts="0" description="C:\Users\v-diya\Repo\azure-powershell\SpingCloud\azure-powershell\src\SpringCloud\test\Update-AzSpringCloudApp.Tests.ps1">
        <results>
          <test-suite type="TestFixture" name="Update-AzSpringCloudApp" executed="True" result="Success" success="True" time="1.0525" asserts="0" description="Update-AzSpringCloudApp">
            <results>
              <test-case description="UpdateExpanded" name="Update-AzSpringCloudApp.UpdateExpanded" time="0.4317" asserts="0" success="True" result="Success" executed="True" />
              <test-case description="UpdateViaIdentityExpanded" name="Update-AzSpringCloudApp.UpdateViaIdentityExpanded" time="0.5778" asserts="0" success="True" result="Success" executed="True" />
            </results>
          </test-suite>
        </results>
      </test-suite>
      <test-suite type="TestFixture" name="C:\Users\v-diya\Repo\azure-powershell\SpingCloud\azure-powershell\src\SpringCloud\test\Update-AzSpringCloudAppDeployment.Tests.ps1" executed="True" result="Success" success="True" time="0.7886" asserts="0" description="C:\Users\v-diya\Repo\azure-powershell\SpingCloud\azure-powershell\src\SpringCloud\test\Update-AzSpringCloudAppDeployment.Tests.ps1">
        <results>
          <test-suite type="TestFixture" name="Update-AzSpringCloudAppDeployment" executed="True" result="Success" success="True" time="0.6281" asserts="0" description="Update-AzSpringCloudAppDeployment">
            <results>
              <test-case description="UpdateExpanded" name="Update-AzSpringCloudAppDeployment.UpdateExpanded" time="0.2165" asserts="0" success="True" result="Success" executed="True" />
              <test-case description="UpdateViaIdentityExpanded" name="Update-AzSpringCloudAppDeployment.UpdateViaIdentityExpanded" time="0.3658" asserts="0" success="True" result="Success" executed="True" />
            </results>
          </test-suite>
        </results>
      </test-suite>
    </results>
  </test-suite>
</test-results>